{"C:\\Users\\Shere\\OneDrive\\Рабочий стол\\crypto bot\\src\\mainHandlers\\buttonHandlers.ts": {"path":"C:\\Users\\Shere\\OneDrive\\Рабочий стол\\crypto bot\\src\\mainHandlers\\buttonHandlers.ts","statementMap":{"0":{"start":{"line":6,"column":0},"end":{"line":6,"column":38}},"1":{"start":{"line":7,"column":0},"end":{"line":7,"column":55}},"2":{"start":{"line":9,"column":0},"end":{"line":9,"column":null}},"3":{"start":{"line":16,"column":20},"end":{"line":16,"column":72}},"4":{"start":{"line":16,"column":56},"end":{"line":16,"column":72}},"5":{"start":{"line":18,"column":15},"end":{"line":23,"column":1}},"6":{"start":{"line":19,"column":2},"end":{"line":21,"column":3}},"7":{"start":{"line":20,"column":4},"end":{"line":20,"column":29}},"8":{"start":{"line":22,"column":2},"end":{"line":22,"column":41}},"9":{"start":{"line":26,"column":2},"end":{"line":31,"column":3}},"10":{"start":{"line":28,"column":6},"end":{"line":28,"column":24}},"11":{"start":{"line":30,"column":6},"end":{"line":30,"column":24}},"12":{"start":{"line":39,"column":19},"end":{"line":39,"column":36}},"13":{"start":{"line":40,"column":2},"end":{"line":46,"column":3}},"14":{"start":{"line":41,"column":4},"end":{"line":44,"column":6}},"15":{"start":{"line":45,"column":4},"end":{"line":45,"column":11}},"16":{"start":{"line":47,"column":20},"end":{"line":47,"column":63}},"17":{"start":{"line":48,"column":25},"end":{"line":48,"column":36}},"18":{"start":{"line":49,"column":21},"end":{"line":49,"column":31}},"19":{"start":{"line":50,"column":2},"end":{"line":50,"column":42}},"20":{"start":{"line":51,"column":18},"end":{"line":51,"column":41}},"21":{"start":{"line":53,"column":39},"end":{"line":54,"column":null}},"22":{"start":{"line":54,"column":4},"end":{"line":54,"column":33}},"23":{"start":{"line":54,"column":23},"end":{"line":54,"column":31}},"24":{"start":{"line":57,"column":2},"end":{"line":62,"column":3}},"25":{"start":{"line":58,"column":4},"end":{"line":61,"column":7}},"26":{"start":{"line":64,"column":18},"end":{"line":68,"column":128}},"27":{"start":{"line":70,"column":2},"end":{"line":76,"column":5}},"28":{"start":{"line":34,"column":0},"end":{"line":34,"column":22}},"29":{"start":{"line":84,"column":17},"end":{"line":84,"column":28}},"30":{"start":{"line":85,"column":21},"end":{"line":85,"column":33}},"31":{"start":{"line":86,"column":2},"end":{"line":86,"column":42}},"32":{"start":{"line":87,"column":18},"end":{"line":87,"column":41}},"33":{"start":{"line":88,"column":39},"end":{"line":89,"column":null}},"34":{"start":{"line":89,"column":4},"end":{"line":89,"column":33}},"35":{"start":{"line":89,"column":23},"end":{"line":89,"column":31}},"36":{"start":{"line":91,"column":2},"end":{"line":96,"column":5}},"37":{"start":{"line":79,"column":0},"end":{"line":79,"column":16}},"38":{"start":{"line":100,"column":17},"end":{"line":100,"column":28}},"39":{"start":{"line":101,"column":18},"end":{"line":101,"column":119}},"40":{"start":{"line":102,"column":2},"end":{"line":102,"column":59}},"41":{"start":{"line":99,"column":0},"end":{"line":99,"column":16}},"42":{"start":{"line":110,"column":17},"end":{"line":110,"column":28}},"43":{"start":{"line":111,"column":21},"end":{"line":111,"column":57}},"44":{"start":{"line":112,"column":2},"end":{"line":112,"column":42}},"45":{"start":{"line":113,"column":18},"end":{"line":113,"column":41}},"46":{"start":{"line":114,"column":39},"end":{"line":115,"column":null}},"47":{"start":{"line":115,"column":4},"end":{"line":115,"column":33}},"48":{"start":{"line":115,"column":23},"end":{"line":115,"column":31}},"49":{"start":{"line":117,"column":2},"end":{"line":117,"column":45}},"50":{"start":{"line":118,"column":2},"end":{"line":118,"column":40}},"51":{"start":{"line":119,"column":2},"end":{"line":119,"column":41}},"52":{"start":{"line":120,"column":2},"end":{"line":120,"column":39}},"53":{"start":{"line":121,"column":2},"end":{"line":121,"column":42}},"54":{"start":{"line":122,"column":2},"end":{"line":122,"column":43}},"55":{"start":{"line":123,"column":2},"end":{"line":123,"column":43}},"56":{"start":{"line":125,"column":2},"end":{"line":130,"column":5}},"57":{"start":{"line":105,"column":0},"end":{"line":105,"column":16}},"58":{"start":{"line":134,"column":17},"end":{"line":134,"column":28}},"59":{"start":{"line":135,"column":47},"end":{"line":137,"column":4}},"60":{"start":{"line":139,"column":2},"end":{"line":141,"column":5}},"61":{"start":{"line":133,"column":0},"end":{"line":133,"column":16}},"62":{"start":{"line":145,"column":17},"end":{"line":145,"column":28}},"63":{"start":{"line":146,"column":18},"end":{"line":155,"column":32}},"64":{"start":{"line":157,"column":2},"end":{"line":157,"column":59}},"65":{"start":{"line":144,"column":0},"end":{"line":144,"column":16}},"66":{"start":{"line":161,"column":17},"end":{"line":161,"column":28}},"67":{"start":{"line":162,"column":18},"end":{"line":181,"column":124}},"68":{"start":{"line":182,"column":2},"end":{"line":182,"column":35}},"69":{"start":{"line":160,"column":0},"end":{"line":160,"column":16}},"70":{"start":{"line":193,"column":20},"end":{"line":200,"column":4}},"71":{"start":{"line":202,"column":2},"end":{"line":205,"column":3}},"72":{"start":{"line":203,"column":4},"end":{"line":203,"column":67}},"73":{"start":{"line":204,"column":4},"end":{"line":204,"column":11}},"74":{"start":{"line":207,"column":2},"end":{"line":209,"column":3}},"75":{"start":{"line":208,"column":4},"end":{"line":208,"column":29}},"76":{"start":{"line":210,"column":2},"end":{"line":210,"column":42}},"77":{"start":{"line":211,"column":2},"end":{"line":211,"column":44}},"78":{"start":{"line":213,"column":47},"end":{"line":215,"column":4}},"79":{"start":{"line":217,"column":17},"end":{"line":222,"column":4}},"80":{"start":{"line":224,"column":25},"end":{"line":224,"column":58}},"81":{"start":{"line":225,"column":23},"end":{"line":225,"column":54}},"82":{"start":{"line":226,"column":2},"end":{"line":226,"column":50}},"83":{"start":{"line":227,"column":2},"end":{"line":234,"column":4}},"84":{"start":{"line":185,"column":0},"end":{"line":185,"column":22}}},"fnMap":{"0":{"name":"(anonymous_7)","decl":{"start":{"line":16,"column":20},"end":{"line":16,"column":21}},"loc":{"start":{"line":16,"column":56},"end":{"line":16,"column":72}}},"1":{"name":"(anonymous_8)","decl":{"start":{"line":18,"column":15},"end":{"line":18,"column":16}},"loc":{"start":{"line":18,"column":75},"end":{"line":23,"column":1}}},"2":{"name":"back","decl":{"start":{"line":25,"column":9},"end":{"line":25,"column":13}},"loc":{"start":{"line":25,"column":32},"end":{"line":32,"column":1}}},"3":{"name":"clickStart","decl":{"start":{"line":34,"column":22},"end":{"line":34,"column":32}},"loc":{"start":{"line":37,"column":26},"end":{"line":77,"column":null}}},"4":{"name":"(anonymous_12)","decl":{"start":{"line":53,"column":51},"end":{"line":53,"column":52}},"loc":{"start":{"line":54,"column":4},"end":{"line":54,"column":33}}},"5":{"name":"(anonymous_13)","decl":{"start":{"line":54,"column":12},"end":{"line":54,"column":13}},"loc":{"start":{"line":54,"column":23},"end":{"line":54,"column":31}}},"6":{"name":"clickMenu","decl":{"start":{"line":79,"column":16},"end":{"line":79,"column":25}},"loc":{"start":{"line":82,"column":26},"end":{"line":97,"column":1}}},"7":{"name":"(anonymous_15)","decl":{"start":{"line":88,"column":51},"end":{"line":88,"column":52}},"loc":{"start":{"line":89,"column":4},"end":{"line":89,"column":33}}},"8":{"name":"(anonymous_16)","decl":{"start":{"line":89,"column":12},"end":{"line":89,"column":13}},"loc":{"start":{"line":89,"column":23},"end":{"line":89,"column":31}}},"9":{"name":"manual","decl":{"start":{"line":99,"column":16},"end":{"line":99,"column":22}},"loc":{"start":{"line":99,"column":53},"end":{"line":103,"column":1}}},"10":{"name":"clickBack","decl":{"start":{"line":105,"column":16},"end":{"line":105,"column":25}},"loc":{"start":{"line":108,"column":26},"end":{"line":131,"column":1}}},"11":{"name":"(anonymous_19)","decl":{"start":{"line":114,"column":51},"end":{"line":114,"column":52}},"loc":{"start":{"line":115,"column":4},"end":{"line":115,"column":33}}},"12":{"name":"(anonymous_20)","decl":{"start":{"line":115,"column":12},"end":{"line":115,"column":13}},"loc":{"start":{"line":115,"column":23},"end":{"line":115,"column":31}}},"13":{"name":"getListBank","decl":{"start":{"line":133,"column":16},"end":{"line":133,"column":27}},"loc":{"start":{"line":133,"column":58},"end":{"line":142,"column":1}}},"14":{"name":"help","decl":{"start":{"line":144,"column":16},"end":{"line":144,"column":20}},"loc":{"start":{"line":144,"column":51},"end":{"line":158,"column":1}}},"15":{"name":"statistics","decl":{"start":{"line":160,"column":16},"end":{"line":160,"column":26}},"loc":{"start":{"line":160,"column":57},"end":{"line":183,"column":1}}},"16":{"name":"menuBank","decl":{"start":{"line":185,"column":22},"end":{"line":185,"column":30}},"loc":{"start":{"line":191,"column":15},"end":{"line":235,"column":null}}}},"branchMap":{"0":{"loc":{"start":{"line":19,"column":2},"end":{"line":21,"column":3}},"type":"if","locations":[{"start":{"line":19,"column":2},"end":{"line":21,"column":3}}]},"1":{"loc":{"start":{"line":26,"column":2},"end":{"line":31,"column":3}},"type":"switch","locations":[{"start":{"line":27,"column":4},"end":{"line":28,"column":24}},{"start":{"line":29,"column":4},"end":{"line":30,"column":24}}]},"2":{"loc":{"start":{"line":40,"column":2},"end":{"line":46,"column":3}},"type":"if","locations":[{"start":{"line":40,"column":2},"end":{"line":46,"column":3}}]},"3":{"loc":{"start":{"line":57,"column":2},"end":{"line":62,"column":3}},"type":"if","locations":[{"start":{"line":57,"column":2},"end":{"line":62,"column":3}}]},"4":{"loc":{"start":{"line":202,"column":2},"end":{"line":205,"column":3}},"type":"if","locations":[{"start":{"line":202,"column":2},"end":{"line":205,"column":3}}]},"5":{"loc":{"start":{"line":207,"column":2},"end":{"line":209,"column":3}},"type":"if","locations":[{"start":{"line":207,"column":2},"end":{"line":209,"column":3}}]},"6":{"loc":{"start":{"line":224,"column":25},"end":{"line":224,"column":58}},"type":"cond-expr","locations":[{"start":{"line":224,"column":33},"end":{"line":224,"column":54}},{"start":{"line":224,"column":57},"end":{"line":224,"column":58}}]},"7":{"loc":{"start":{"line":225,"column":23},"end":{"line":225,"column":54}},"type":"cond-expr","locations":[{"start":{"line":225,"column":31},"end":{"line":225,"column":50}},{"start":{"line":225,"column":53},"end":{"line":225,"column":54}}]}},"s":{"0":1,"1":1,"2":1,"3":1,"4":3,"5":1,"6":3,"7":3,"8":3,"9":0,"10":0,"11":0,"12":2,"13":2,"14":0,"15":0,"16":2,"17":2,"18":2,"19":2,"20":2,"21":2,"22":2,"23":4,"24":2,"25":1,"26":2,"27":2,"28":1,"29":1,"30":1,"31":1,"32":1,"33":1,"34":3,"35":5,"36":1,"37":1,"38":0,"39":0,"40":0,"41":1,"42":0,"43":0,"44":0,"45":0,"46":0,"47":0,"48":0,"49":0,"50":0,"51":0,"52":0,"53":0,"54":0,"55":0,"56":0,"57":1,"58":0,"59":0,"60":0,"61":1,"62":0,"63":0,"64":0,"65":1,"66":0,"67":0,"68":0,"69":1,"70":2,"71":2,"72":1,"73":1,"74":1,"75":1,"76":1,"77":1,"78":1,"79":1,"80":1,"81":1,"82":1,"83":1,"84":1},"f":{"0":3,"1":3,"2":0,"3":2,"4":2,"5":4,"6":1,"7":3,"8":5,"9":0,"10":0,"11":0,"12":0,"13":0,"14":0,"15":0,"16":2},"b":{"0":[3],"1":[0,0],"2":[0],"3":[1],"4":[1],"5":[1],"6":[1,0],"7":[1,0]}}
,"C:\\Users\\Shere\\OneDrive\\Рабочий стол\\crypto bot\\src\\mainHandlers\\listButtons.ts": {"path":"C:\\Users\\Shere\\OneDrive\\Рабочий стол\\crypto bot\\src\\mainHandlers\\listButtons.ts","statementMap":{"0":{"start":{"line":5,"column":13},"end":{"line":17,"column":2}},"1":{"start":{"line":19,"column":13},"end":{"line":34,"column":2}},"2":{"start":{"line":36,"column":13},"end":{"line":57,"column":2}},"3":{"start":{"line":59,"column":13},"end":{"line":66,"column":2}},"4":{"start":{"line":68,"column":13},"end":{"line":80,"column":2}}},"fnMap":{},"branchMap":{},"s":{"0":1,"1":1,"2":1,"3":1,"4":1},"f":{},"b":{}}
}
