TN:
SF:src\mainHandlers\buttonHandlers.ts
FN:16,(anonymous_7)
FN:18,(anonymous_8)
FN:25,back
FN:34,clickStart
FN:53,(anonymous_12)
FN:54,(anonymous_13)
FN:79,clickMenu
FN:88,(anonymous_15)
FN:89,(anonymous_16)
FN:99,manual
FN:105,clickBack
FN:114,(anonymous_19)
FN:115,(anonymous_20)
FN:133,getListBank
FN:144,help
FN:160,statistics
FN:185,menuBank
FNF:17
FNH:9
FNDA:3,(anonymous_7)
FNDA:3,(anonymous_8)
FNDA:0,back
FNDA:2,clickStart
FNDA:2,(anonymous_12)
FNDA:4,(anonymous_13)
FNDA:1,clickMenu
FNDA:3,(anonymous_15)
FNDA:5,(anonymous_16)
FNDA:0,manual
FNDA:0,clickBack
FNDA:0,(anonymous_19)
FNDA:0,(anonymous_20)
FNDA:0,getListBank
FNDA:0,help
FNDA:0,statistics
FNDA:2,menuBank
DA:6,1
DA:7,1
DA:9,1
DA:16,3
DA:18,1
DA:19,3
DA:20,3
DA:22,3
DA:26,0
DA:28,0
DA:30,0
DA:34,1
DA:39,2
DA:40,2
DA:41,0
DA:45,0
DA:47,2
DA:48,2
DA:49,2
DA:50,2
DA:51,2
DA:53,2
DA:54,4
DA:57,2
DA:58,1
DA:64,2
DA:70,2
DA:79,1
DA:84,1
DA:85,1
DA:86,1
DA:87,1
DA:88,1
DA:89,5
DA:91,1
DA:99,1
DA:100,0
DA:101,0
DA:102,0
DA:105,1
DA:110,0
DA:111,0
DA:112,0
DA:113,0
DA:114,0
DA:115,0
DA:117,0
DA:118,0
DA:119,0
DA:120,0
DA:121,0
DA:122,0
DA:123,0
DA:125,0
DA:133,1
DA:134,0
DA:135,0
DA:139,0
DA:144,1
DA:145,0
DA:146,0
DA:157,0
DA:160,1
DA:161,0
DA:162,0
DA:182,0
DA:185,1
DA:193,2
DA:202,2
DA:203,1
DA:204,1
DA:207,1
DA:208,1
DA:210,1
DA:211,1
DA:213,1
DA:217,1
DA:224,1
DA:225,1
DA:226,1
DA:227,1
LF:81
LH:50
BRDA:19,0,0,3
BRDA:26,1,0,0
BRDA:26,1,1,0
BRDA:40,2,0,0
BRDA:57,3,0,1
BRDA:202,4,0,1
BRDA:207,5,0,1
BRDA:224,6,0,1
BRDA:224,6,1,0
BRDA:225,7,0,1
BRDA:225,7,1,0
BRF:11
BRH:6
end_of_record
TN:
SF:src\mainHandlers\listButtons.ts
FNF:0
FNH:0
DA:5,1
DA:19,1
DA:36,1
DA:59,1
DA:68,1
LF:5
LH:5
BRF:0
BRH:0
end_of_record
